2024-09-16_11-30-03 [restartedMain] INFO  c.c.a.AuthorizatiionMicroserviceApplication - Starting AuthorizatiionMicroserviceApplication using Java 17.0.2 on LAPTOP-EGMGQLD1 with PID 18616 (C:\Users\ADARSH\OneDrive\Desktop\MFPE-POD2\MFPE-Backend\MFPE-authorizatiion\target\classes started by ADARSH in C:\Users\ADARSH\OneDrive\Desktop\MFPE-POD2\MFPE-Backend\MFPE-authorizatiion)
2024-09-16_11-30-03 [restartedMain] INFO  c.c.a.AuthorizatiionMicroserviceApplication - No active profile set, falling back to default profiles: default
2024-09-16_11-30-03 [restartedMain] INFO  o.s.b.d.e.DevToolsPropertyDefaultsPostProcessor - Devtools property defaults active! Set 'spring.devtools.add-properties' to 'false' to disable
2024-09-16_11-30-03 [restartedMain] INFO  o.s.b.d.e.DevToolsPropertyDefaultsPostProcessor - For additional web related logging consider setting the 'logging.level.web' property to 'DEBUG'
2024-09-16_11-30-03 [restartedMain] INFO  o.s.d.r.c.RepositoryConfigurationDelegate - Bootstrapping Spring Data JPA repositories in DEFAULT mode.
2024-09-16_11-30-03 [restartedMain] INFO  o.s.d.r.c.RepositoryConfigurationDelegate - Finished Spring Data repository scanning in 58 ms. Found 1 JPA repository interfaces.
2024-09-16_11-30-03 [restartedMain] INFO  o.s.cloud.context.scope.GenericScope - BeanFactory id=bc835a7b-e37d-385d-8407-3a426b879bd3
2024-09-16_11-30-03 [restartedMain] INFO  o.s.b.w.e.tomcat.TomcatWebServer - Tomcat initialized with port(s): 8400 (http)
2024-09-16_11-30-03 [restartedMain] INFO  o.a.coyote.http11.Http11NioProtocol - Initializing ProtocolHandler ["http-nio-8400"]
2024-09-16_11-30-03 [restartedMain] INFO  o.a.catalina.core.StandardService - Starting service [Tomcat]
2024-09-16_11-30-03 [restartedMain] INFO  o.a.catalina.core.StandardEngine - Starting Servlet engine: [Apache Tomcat/9.0.41]
2024-09-16_11-30-03 [restartedMain] INFO  o.a.c.c.C.[Tomcat].[localhost].[/] - Initializing Spring embedded WebApplicationContext
2024-09-16_11-30-03 [restartedMain] INFO  o.s.b.w.s.c.ServletWebServerApplicationContext - Root WebApplicationContext: initialization completed in 2039 ms
2024-09-16_11-30-03 [restartedMain] INFO  o.h.jpa.internal.util.LogHelper - HHH000204: Processing PersistenceUnitInfo [name: default]
2024-09-16_11-30-03 [restartedMain] INFO  org.hibernate.Version - HHH000412: Hibernate ORM core version 5.4.27.Final
2024-09-16_11-30-03 [restartedMain] INFO  o.h.annotations.common.Version - HCANN000001: Hibernate Commons Annotations {5.1.2.Final}
2024-09-16_11-30-03 [restartedMain] INFO  com.zaxxer.hikari.HikariDataSource - HikariPool-1 - Starting...
2024-09-16_11-30-03 [restartedMain] INFO  com.zaxxer.hikari.HikariDataSource - HikariPool-1 - Start completed.
2024-09-16_11-30-03 [restartedMain] INFO  org.hibernate.dialect.Dialect - HHH000400: Using dialect: org.hibernate.dialect.MySQL8Dialect
2024-09-16_11-30-03 [restartedMain] INFO  o.h.e.t.j.p.i.JtaPlatformInitiator - HHH000490: Using JtaPlatform implementation: [org.hibernate.engine.transaction.jta.platform.internal.NoJtaPlatform]
2024-09-16_11-30-03 [restartedMain] INFO  o.s.o.j.LocalContainerEntityManagerFactoryBean - Initialized JPA EntityManagerFactory for persistence unit 'default'
2024-09-16_11-30-03 [restartedMain] INFO  o.s.b.d.a.OptionalLiveReloadServer - LiveReload server is running on port 35729
2024-09-16_11-30-03 [restartedMain] INFO  s.d.s.w.PropertySourcedRequestMappingHandlerMapping - Mapped URL path [/v2/api-docs] onto method [springfox.documentation.swagger2.web.Swagger2Controller#getDocumentation(String, HttpServletRequest)]
2024-09-16_11-30-03 [restartedMain] INFO  o.s.s.web.DefaultSecurityFilterChain - Will secure any request with [org.springframework.security.web.context.request.async.WebAsyncManagerIntegrationFilter@4f75923b, org.springframework.security.web.context.SecurityContextPersistenceFilter@68705d41, org.springframework.security.web.header.HeaderWriterFilter@515bbf5a, org.springframework.security.web.authentication.logout.LogoutFilter@2abdf49e, com.cts.authorization.config.JwtRequestFilter@a9b960, org.springframework.security.web.savedrequest.RequestCacheAwareFilter@76e0a8e4, org.springframework.security.web.servletapi.SecurityContextHolderAwareRequestFilter@fe91700, org.springframework.security.web.authentication.AnonymousAuthenticationFilter@114300aa, org.springframework.security.web.session.SessionManagementFilter@29ef3ac7, org.springframework.security.web.access.ExceptionTranslationFilter@3f1f3617, org.springframework.security.web.access.intercept.FilterSecurityInterceptor@1c3fa698]
2024-09-16_11-30-03 [restartedMain] INFO  o.s.s.c.ThreadPoolTaskExecutor - Initializing ExecutorService 'applicationTaskExecutor'
2024-09-16_11-30-03 [restartedMain] INFO  o.a.coyote.http11.Http11NioProtocol - Starting ProtocolHandler ["http-nio-8400"]
2024-09-16_11-30-03 [restartedMain] INFO  o.s.b.w.e.tomcat.TomcatWebServer - Tomcat started on port(s): 8400 (http) with context path ''
2024-09-16_11-30-03 [restartedMain] INFO  s.d.s.w.p.DocumentationPluginsBootstrapper - Context refreshed
2024-09-16_11-30-03 [restartedMain] INFO  s.d.s.w.p.DocumentationPluginsBootstrapper - Found 1 custom documentation plugin(s)
2024-09-16_11-30-03 [restartedMain] INFO  s.d.s.w.s.ApiListingReferenceScanner - Scanning for api listing references
2024-09-16_11-30-03 [restartedMain] INFO  c.c.a.AuthorizatiionMicroserviceApplication - Started AuthorizatiionMicroserviceApplication in 5.475 seconds (JVM running for 6.467)
2024-09-16_11-30-03 [http-nio-8400-exec-1] INFO  o.a.c.c.C.[Tomcat].[localhost].[/] - Initializing Spring DispatcherServlet 'dispatcherServlet'
2024-09-16_11-30-03 [http-nio-8400-exec-1] INFO  o.s.web.servlet.DispatcherServlet - Initializing Servlet 'dispatcherServlet'
2024-09-16_11-30-03 [http-nio-8400-exec-1] INFO  o.s.web.servlet.DispatcherServlet - Completed initialization in 15 ms
2024-09-16_11-30-03 [Thread-5] INFO  o.s.s.c.ThreadPoolTaskExecutor - Shutting down ExecutorService 'applicationTaskExecutor'
2024-09-16_11-30-03 [Thread-5] INFO  o.s.o.j.LocalContainerEntityManagerFactoryBean - Closing JPA EntityManagerFactory for persistence unit 'default'
2024-09-16_11-30-03 [Thread-5] INFO  com.zaxxer.hikari.HikariDataSource - HikariPool-1 - Shutdown initiated...
2024-09-16_11-30-03 [Thread-5] INFO  com.zaxxer.hikari.HikariDataSource - HikariPool-1 - Shutdown completed.
2024-09-16_11-50-13 [restartedMain] INFO  c.c.a.AuthorizatiionMicroserviceApplication - Starting AuthorizatiionMicroserviceApplication using Java 17.0.2 on LAPTOP-EGMGQLD1 with PID 18616 (C:\Users\ADARSH\OneDrive\Desktop\MFPE-POD2\MFPE-Backend\MFPE-authorizatiion\target\classes started by ADARSH in C:\Users\ADARSH\OneDrive\Desktop\MFPE-POD2\MFPE-Backend\MFPE-authorizatiion)
2024-09-16_11-50-13 [restartedMain] INFO  c.c.a.AuthorizatiionMicroserviceApplication - No active profile set, falling back to default profiles: default
2024-09-16_11-50-13 [restartedMain] INFO  o.s.d.r.c.RepositoryConfigurationDelegate - Bootstrapping Spring Data JPA repositories in DEFAULT mode.
2024-09-16_11-50-13 [restartedMain] INFO  o.s.d.r.c.RepositoryConfigurationDelegate - Finished Spring Data repository scanning in 7 ms. Found 1 JPA repository interfaces.
2024-09-16_11-50-13 [restartedMain] INFO  o.s.cloud.context.scope.GenericScope - BeanFactory id=bc835a7b-e37d-385d-8407-3a426b879bd3
2024-09-16_11-50-13 [restartedMain] INFO  o.s.b.w.e.tomcat.TomcatWebServer - Tomcat initialized with port(s): 8400 (http)
2024-09-16_11-50-13 [restartedMain] INFO  o.a.coyote.http11.Http11NioProtocol - Initializing ProtocolHandler ["http-nio-8400"]
2024-09-16_11-50-13 [restartedMain] INFO  o.a.catalina.core.StandardService - Starting service [Tomcat]
2024-09-16_11-50-13 [restartedMain] INFO  o.a.catalina.core.StandardEngine - Starting Servlet engine: [Apache Tomcat/9.0.41]
2024-09-16_11-50-13 [restartedMain] INFO  o.a.c.c.C.[Tomcat].[localhost].[/] - Initializing Spring embedded WebApplicationContext
2024-09-16_11-50-13 [restartedMain] INFO  o.s.b.w.s.c.ServletWebServerApplicationContext - Root WebApplicationContext: initialization completed in 306 ms
2024-09-16_11-50-13 [restartedMain] INFO  o.h.jpa.internal.util.LogHelper - HHH000204: Processing PersistenceUnitInfo [name: default]
2024-09-16_11-50-13 [restartedMain] INFO  com.zaxxer.hikari.HikariDataSource - HikariPool-2 - Starting...
2024-09-16_11-50-13 [restartedMain] INFO  com.zaxxer.hikari.HikariDataSource - HikariPool-2 - Start completed.
2024-09-16_11-50-13 [restartedMain] INFO  org.hibernate.dialect.Dialect - HHH000400: Using dialect: org.hibernate.dialect.MySQL8Dialect
2024-09-16_11-50-13 [restartedMain] INFO  o.h.e.t.j.p.i.JtaPlatformInitiator - HHH000490: Using JtaPlatform implementation: [org.hibernate.engine.transaction.jta.platform.internal.NoJtaPlatform]
2024-09-16_11-50-13 [restartedMain] INFO  o.s.o.j.LocalContainerEntityManagerFactoryBean - Initialized JPA EntityManagerFactory for persistence unit 'default'
2024-09-16_11-50-13 [restartedMain] INFO  o.s.b.d.a.OptionalLiveReloadServer - LiveReload server is running on port 35729
2024-09-16_11-50-13 [restartedMain] INFO  s.d.s.w.PropertySourcedRequestMappingHandlerMapping - Mapped URL path [/v2/api-docs] onto method [springfox.documentation.swagger2.web.Swagger2Controller#getDocumentation(String, HttpServletRequest)]
2024-09-16_11-50-13 [restartedMain] INFO  o.s.s.web.DefaultSecurityFilterChain - Will secure any request with [org.springframework.security.web.context.request.async.WebAsyncManagerIntegrationFilter@3f71564f, org.springframework.security.web.context.SecurityContextPersistenceFilter@e72d095, org.springframework.security.web.header.HeaderWriterFilter@7c5e26d5, org.springframework.security.web.authentication.logout.LogoutFilter@294fcecc, com.cts.authorization.config.JwtRequestFilter@15d8f368, org.springframework.security.web.savedrequest.RequestCacheAwareFilter@162691e2, org.springframework.security.web.servletapi.SecurityContextHolderAwareRequestFilter@1bc3757d, org.springframework.security.web.authentication.AnonymousAuthenticationFilter@3a4b2fe6, org.springframework.security.web.session.SessionManagementFilter@2a045cb6, org.springframework.security.web.access.ExceptionTranslationFilter@756db425, org.springframework.security.web.access.intercept.FilterSecurityInterceptor@218d0623]
2024-09-16_11-50-13 [restartedMain] INFO  o.s.s.c.ThreadPoolTaskExecutor - Initializing ExecutorService 'applicationTaskExecutor'
2024-09-16_11-50-13 [restartedMain] INFO  o.a.coyote.http11.Http11NioProtocol - Starting ProtocolHandler ["http-nio-8400"]
2024-09-16_11-50-13 [restartedMain] INFO  o.s.b.w.e.tomcat.TomcatWebServer - Tomcat started on port(s): 8400 (http) with context path ''
2024-09-16_11-50-13 [restartedMain] INFO  s.d.s.w.p.DocumentationPluginsBootstrapper - Context refreshed
2024-09-16_11-50-13 [restartedMain] INFO  s.d.s.w.p.DocumentationPluginsBootstrapper - Found 1 custom documentation plugin(s)
2024-09-16_11-50-13 [restartedMain] INFO  s.d.s.w.s.ApiListingReferenceScanner - Scanning for api listing references
2024-09-16_11-50-13 [restartedMain] INFO  c.c.a.AuthorizatiionMicroserviceApplication - Started AuthorizatiionMicroserviceApplication in 0.915 seconds (JVM running for 1211.671)
2024-09-16_11-50-13 [restartedMain] INFO  o.s.b.d.a.ConditionEvaluationDeltaLoggingListener - Condition evaluation unchanged
2024-09-16_11-50-13 [RMI TCP Connection(25)-127.0.0.1] INFO  o.s.b.a.SpringApplicationAdminMXBeanRegistrar$SpringApplicationAdmin - Application shutdown requested.
2024-09-16_11-50-13 [RMI TCP Connection(25)-127.0.0.1] INFO  o.s.s.c.ThreadPoolTaskExecutor - Shutting down ExecutorService 'applicationTaskExecutor'
2024-09-16_11-50-13 [RMI TCP Connection(25)-127.0.0.1] INFO  o.s.o.j.LocalContainerEntityManagerFactoryBean - Closing JPA EntityManagerFactory for persistence unit 'default'
2024-09-16_11-50-13 [RMI TCP Connection(25)-127.0.0.1] INFO  com.zaxxer.hikari.HikariDataSource - HikariPool-2 - Shutdown initiated...
2024-09-16_11-50-13 [RMI TCP Connection(25)-127.0.0.1] INFO  com.zaxxer.hikari.HikariDataSource - HikariPool-2 - Shutdown completed.
